2021-10-08 09:50:07.439  INFO 29455 --- [restartedMain] c.e.apipokemon.ApiPokemonApplication     : Starting ApiPokemonApplication using Java 11.0.9 on MacBook-Pro-de-Javier.local with PID 29455 (/Volumes/DatosHD/Users/javiermoreno/workspace/prueba/canada/api-pokemon/target/classes started by javiermoreno in /Volumes/DatosHD/Users/javiermoreno/workspace/prueba/canada/api-pokemon)
2021-10-08 09:50:07.521  INFO 29455 --- [restartedMain] c.e.apipokemon.ApiPokemonApplication     : No active profile set, falling back to default profiles: default
2021-10-08 09:50:15.126  INFO 29455 --- [restartedMain] c.e.apipokemon.ApiPokemonApplication     : Started ApiPokemonApplication in 13.65 seconds (JVM running for 15.381)
2021-10-08 09:56:05.094  INFO 29502 --- [restartedMain] c.e.apipokemon.ApiPokemonApplication     : Starting ApiPokemonApplication using Java 11.0.9 on MacBook-Pro-de-Javier.local with PID 29502 (/Volumes/DatosHD/Users/javiermoreno/workspace/prueba/canada/api-pokemon/target/classes started by javiermoreno in /Volumes/DatosHD/Users/javiermoreno/workspace/prueba/canada/api-pokemon)
2021-10-08 09:56:05.103  INFO 29502 --- [restartedMain] c.e.apipokemon.ApiPokemonApplication     : No active profile set, falling back to default profiles: default
2021-10-08 09:56:13.001  INFO 29502 --- [restartedMain] c.e.apipokemon.ApiPokemonApplication     : Started ApiPokemonApplication in 13.994 seconds (JVM running for 15.276)
2021-10-08 09:57:52.970  INFO 29517 --- [restartedMain] c.e.apipokemon.ApiPokemonApplication     : Starting ApiPokemonApplication using Java 11.0.9 on MacBook-Pro-de-Javier.local with PID 29517 (/Volumes/DatosHD/Users/javiermoreno/workspace/prueba/canada/api-pokemon/target/classes started by javiermoreno in /Volumes/DatosHD/Users/javiermoreno/workspace/prueba/canada/api-pokemon)
2021-10-08 09:57:52.978  INFO 29517 --- [restartedMain] c.e.apipokemon.ApiPokemonApplication     : No active profile set, falling back to default profiles: default
2021-10-08 09:58:00.585  INFO 29517 --- [restartedMain] c.e.apipokemon.ApiPokemonApplication     : Started ApiPokemonApplication in 13.664 seconds (JVM running for 14.804)
2021-10-08 15:01:52.320  INFO 31038 --- [restartedMain] c.e.apipokemon.ApiPokemonApplication     : Starting ApiPokemonApplication using Java 11.0.9 on MacBook-Pro-de-Javier.local with PID 31038 (/Volumes/DatosHD/Users/javiermoreno/workspace/prueba/canada/api-pokemon/target/classes started by javiermoreno in /Volumes/DatosHD/Users/javiermoreno/workspace/prueba/canada/api-pokemon)
2021-10-08 15:01:52.363  INFO 31038 --- [restartedMain] c.e.apipokemon.ApiPokemonApplication     : No active profile set, falling back to default profiles: default
2021-10-08 15:02:00.137 ERROR 31038 --- [restartedMain] o.s.boot.SpringApplication               : Application run failed

org.springframework.beans.factory.UnsatisfiedDependencyException: Error creating bean with name 'pokemonController': Unsatisfied dependency expressed through field 'pokemonService'; nested exception is org.springframework.beans.factory.UnsatisfiedDependencyException: Error creating bean with name 'pokemonService': Unsatisfied dependency expressed through field 'pokemonRepository'; nested exception is org.springframework.beans.factory.BeanCreationException: Error creating bean with name 'IPokemonRepository' defined in com.example.apipokemon.repository.IPokemonRepository defined in @EnableJpaRepositories declared on ApiPokemonApplication: Invocation of init method failed; nested exception is org.springframework.data.repository.query.QueryCreationException: Could not create query for public abstract java.util.List com.example.apipokemon.repository.IPokemonRepository.findAllPaginated(org.springframework.data.domain.Pageable)! Reason: Failed to create query for method public abstract java.util.List com.example.apipokemon.repository.IPokemonRepository.findAllPaginated(org.springframework.data.domain.Pageable)! No property findAllPaginated found for type Pokemon!; nested exception is java.lang.IllegalArgumentException: Failed to create query for method public abstract java.util.List com.example.apipokemon.repository.IPokemonRepository.findAllPaginated(org.springframework.data.domain.Pageable)! No property findAllPaginated found for type Pokemon!
	at org.springframework.beans.factory.annotation.AutowiredAnnotationBeanPostProcessor$AutowiredFieldElement.resolveFieldValue(AutowiredAnnotationBeanPostProcessor.java:660) ~[spring-beans-5.3.10.jar:5.3.10]
	at org.springframework.beans.factory.annotation.AutowiredAnnotationBeanPostProcessor$AutowiredFieldElement.inject(AutowiredAnnotationBeanPostProcessor.java:640) ~[spring-beans-5.3.10.jar:5.3.10]
	at org.springframework.beans.factory.annotation.InjectionMetadata.inject(InjectionMetadata.java:119) ~[spring-beans-5.3.10.jar:5.3.10]
	at org.springframework.beans.factory.annotation.AutowiredAnnotationBeanPostProcessor.postProcessProperties(AutowiredAnnotationBeanPostProcessor.java:399) ~[spring-beans-5.3.10.jar:5.3.10]
	at org.springframework.beans.factory.support.AbstractAutowireCapableBeanFactory.populateBean(AbstractAutowireCapableBeanFactory.java:1431) ~[spring-beans-5.3.10.jar:5.3.10]
	at org.springframework.beans.factory.support.AbstractAutowireCapableBeanFactory.doCreateBean(AbstractAutowireCapableBeanFactory.java:619) ~[spring-beans-5.3.10.jar:5.3.10]
	at org.springframework.beans.factory.support.AbstractAutowireCapableBeanFactory.createBean(AbstractAutowireCapableBeanFactory.java:542) ~[spring-beans-5.3.10.jar:5.3.10]
	at org.springframework.beans.factory.support.AbstractBeanFactory.lambda$doGetBean$0(AbstractBeanFactory.java:335) ~[spring-beans-5.3.10.jar:5.3.10]
	at org.springframework.beans.factory.support.DefaultSingletonBeanRegistry.getSingleton(DefaultSingletonBeanRegistry.java:234) ~[spring-beans-5.3.10.jar:5.3.10]
	at org.springframework.beans.factory.support.AbstractBeanFactory.doGetBean(AbstractBeanFactory.java:333) ~[spring-beans-5.3.10.jar:5.3.10]
	at org.springframework.beans.factory.support.AbstractBeanFactory.getBean(AbstractBeanFactory.java:208) ~[spring-beans-5.3.10.jar:5.3.10]
	at org.springframework.beans.factory.support.DefaultListableBeanFactory.preInstantiateSingletons(DefaultListableBeanFactory.java:944) ~[spring-beans-5.3.10.jar:5.3.10]
	at org.springframework.context.support.AbstractApplicationContext.finishBeanFactoryInitialization(AbstractApplicationContext.java:918) ~[spring-context-5.3.10.jar:5.3.10]
	at org.springframework.context.support.AbstractApplicationContext.refresh(AbstractApplicationContext.java:583) ~[spring-context-5.3.10.jar:5.3.10]
	at org.springframework.boot.web.servlet.context.ServletWebServerApplicationContext.refresh(ServletWebServerApplicationContext.java:145) ~[spring-boot-2.5.5.jar:2.5.5]
	at org.springframework.boot.SpringApplication.refresh(SpringApplication.java:754) ~[spring-boot-2.5.5.jar:2.5.5]
	at org.springframework.boot.SpringApplication.refreshContext(SpringApplication.java:434) ~[spring-boot-2.5.5.jar:2.5.5]
	at org.springframework.boot.SpringApplication.run(SpringApplication.java:338) ~[spring-boot-2.5.5.jar:2.5.5]
	at org.springframework.boot.SpringApplication.run(SpringApplication.java:1343) ~[spring-boot-2.5.5.jar:2.5.5]
	at org.springframework.boot.SpringApplication.run(SpringApplication.java:1332) ~[spring-boot-2.5.5.jar:2.5.5]
	at com.example.apipokemon.ApiPokemonApplication.main(ApiPokemonApplication.java:20) ~[classes/:na]
	at java.base/jdk.internal.reflect.NativeMethodAccessorImpl.invoke0(Native Method) ~[na:na]
	at java.base/jdk.internal.reflect.NativeMethodAccessorImpl.invoke(NativeMethodAccessorImpl.java:62) ~[na:na]
	at java.base/jdk.internal.reflect.DelegatingMethodAccessorImpl.invoke(DelegatingMethodAccessorImpl.java:43) ~[na:na]
	at java.base/java.lang.reflect.Method.invoke(Method.java:566) ~[na:na]
	at org.springframework.boot.devtools.restart.RestartLauncher.run(RestartLauncher.java:49) ~[spring-boot-devtools-2.5.5.jar:2.5.5]
Caused by: org.springframework.beans.factory.UnsatisfiedDependencyException: Error creating bean with name 'pokemonService': Unsatisfied dependency expressed through field 'pokemonRepository'; nested exception is org.springframework.beans.factory.BeanCreationException: Error creating bean with name 'IPokemonRepository' defined in com.example.apipokemon.repository.IPokemonRepository defined in @EnableJpaRepositories declared on ApiPokemonApplication: Invocation of init method failed; nested exception is org.springframework.data.repository.query.QueryCreationException: Could not create query for public abstract java.util.List com.example.apipokemon.repository.IPokemonRepository.findAllPaginated(org.springframework.data.domain.Pageable)! Reason: Failed to create query for method public abstract java.util.List com.example.apipokemon.repository.IPokemonRepository.findAllPaginated(org.springframework.data.domain.Pageable)! No property findAllPaginated found for type Pokemon!; nested exception is java.lang.IllegalArgumentException: Failed to create query for method public abstract java.util.List com.example.apipokemon.repository.IPokemonRepository.findAllPaginated(org.springframework.data.domain.Pageable)! No property findAllPaginated found for type Pokemon!
	at org.springframework.beans.factory.annotation.AutowiredAnnotationBeanPostProcessor$AutowiredFieldElement.resolveFieldValue(AutowiredAnnotationBeanPostProcessor.java:660) ~[spring-beans-5.3.10.jar:5.3.10]
	at org.springframework.beans.factory.annotation.AutowiredAnnotationBeanPostProcessor$AutowiredFieldElement.inject(AutowiredAnnotationBeanPostProcessor.java:640) ~[spring-beans-5.3.10.jar:5.3.10]
	at org.springframework.beans.factory.annotation.InjectionMetadata.inject(InjectionMetadata.java:119) ~[spring-beans-5.3.10.jar:5.3.10]
	at org.springframework.beans.factory.annotation.AutowiredAnnotationBeanPostProcessor.postProcessProperties(AutowiredAnnotationBeanPostProcessor.java:399) ~[spring-beans-5.3.10.jar:5.3.10]
	at org.springframework.beans.factory.support.AbstractAutowireCapableBeanFactory.populateBean(AbstractAutowireCapableBeanFactory.java:1431) ~[spring-beans-5.3.10.jar:5.3.10]
	at org.springframework.beans.factory.support.AbstractAutowireCapableBeanFactory.doCreateBean(AbstractAutowireCapableBeanFactory.java:619) ~[spring-beans-5.3.10.jar:5.3.10]
	at org.springframework.beans.factory.support.AbstractAutowireCapableBeanFactory.createBean(AbstractAutowireCapableBeanFactory.java:542) ~[spring-beans-5.3.10.jar:5.3.10]
	at org.springframework.beans.factory.support.AbstractBeanFactory.lambda$doGetBean$0(AbstractBeanFactory.java:335) ~[spring-beans-5.3.10.jar:5.3.10]
	at org.springframework.beans.factory.support.DefaultSingletonBeanRegistry.getSingleton(DefaultSingletonBeanRegistry.java:234) ~[spring-beans-5.3.10.jar:5.3.10]
	at org.springframework.beans.factory.support.AbstractBeanFactory.doGetBean(AbstractBeanFactory.java:333) ~[spring-beans-5.3.10.jar:5.3.10]
	at org.springframework.beans.factory.support.AbstractBeanFactory.getBean(AbstractBeanFactory.java:208) ~[spring-beans-5.3.10.jar:5.3.10]
	at org.springframework.beans.factory.config.DependencyDescriptor.resolveCandidate(DependencyDescriptor.java:276) ~[spring-beans-5.3.10.jar:5.3.10]
	at org.springframework.beans.factory.support.DefaultListableBeanFactory.doResolveDependency(DefaultListableBeanFactory.java:1380) ~[spring-beans-5.3.10.jar:5.3.10]
	at org.springframework.beans.factory.support.DefaultListableBeanFactory.resolveDependency(DefaultListableBeanFactory.java:1300) ~[spring-beans-5.3.10.jar:5.3.10]
	at org.springframework.beans.factory.annotation.AutowiredAnnotationBeanPostProcessor$AutowiredFieldElement.resolveFieldValue(AutowiredAnnotationBeanPostProcessor.java:657) ~[spring-beans-5.3.10.jar:5.3.10]
	... 25 common frames omitted
Caused by: org.springframework.beans.factory.BeanCreationException: Error creating bean with name 'IPokemonRepository' defined in com.example.apipokemon.repository.IPokemonRepository defined in @EnableJpaRepositories declared on ApiPokemonApplication: Invocation of init method failed; nested exception is org.springframework.data.repository.query.QueryCreationException: Could not create query for public abstract java.util.List com.example.apipokemon.repository.IPokemonRepository.findAllPaginated(org.springframework.data.domain.Pageable)! Reason: Failed to create query for method public abstract java.util.List com.example.apipokemon.repository.IPokemonRepository.findAllPaginated(org.springframework.data.domain.Pageable)! No property findAllPaginated found for type Pokemon!; nested exception is java.lang.IllegalArgumentException: Failed to create query for method public abstract java.util.List com.example.apipokemon.repository.IPokemonRepository.findAllPaginated(org.springframework.data.domain.Pageable)! No property findAllPaginated found for type Pokemon!
	at org.springframework.beans.factory.support.AbstractAutowireCapableBeanFactory.initializeBean(AbstractAutowireCapableBeanFactory.java:1804) ~[spring-beans-5.3.10.jar:5.3.10]
	at org.springframework.beans.factory.support.AbstractAutowireCapableBeanFactory.doCreateBean(AbstractAutowireCapableBeanFactory.java:620) ~[spring-beans-5.3.10.jar:5.3.10]
	at org.springframework.beans.factory.support.AbstractAutowireCapableBeanFactory.createBean(AbstractAutowireCapableBeanFactory.java:542) ~[spring-beans-5.3.10.jar:5.3.10]
	at org.springframework.beans.factory.support.AbstractBeanFactory.lambda$doGetBean$0(AbstractBeanFactory.java:335) ~[spring-beans-5.3.10.jar:5.3.10]
	at org.springframework.beans.factory.support.DefaultSingletonBeanRegistry.getSingleton(DefaultSingletonBeanRegistry.java:234) ~[spring-beans-5.3.10.jar:5.3.10]
	at org.springframework.beans.factory.support.AbstractBeanFactory.doGetBean(AbstractBeanFactory.java:333) ~[spring-beans-5.3.10.jar:5.3.10]
	at org.springframework.beans.factory.support.AbstractBeanFactory.getBean(AbstractBeanFactory.java:208) ~[spring-beans-5.3.10.jar:5.3.10]
	at org.springframework.beans.factory.config.DependencyDescriptor.resolveCandidate(DependencyDescriptor.java:276) ~[spring-beans-5.3.10.jar:5.3.10]
	at org.springframework.beans.factory.support.DefaultListableBeanFactory.doResolveDependency(DefaultListableBeanFactory.java:1380) ~[spring-beans-5.3.10.jar:5.3.10]
	at org.springframework.beans.factory.support.DefaultListableBeanFactory.resolveDependency(DefaultListableBeanFactory.java:1300) ~[spring-beans-5.3.10.jar:5.3.10]
	at org.springframework.beans.factory.annotation.AutowiredAnnotationBeanPostProcessor$AutowiredFieldElement.resolveFieldValue(AutowiredAnnotationBeanPostProcessor.java:657) ~[spring-beans-5.3.10.jar:5.3.10]
	... 39 common frames omitted
Caused by: org.springframework.data.repository.query.QueryCreationException: Could not create query for public abstract java.util.List com.example.apipokemon.repository.IPokemonRepository.findAllPaginated(org.springframework.data.domain.Pageable)! Reason: Failed to create query for method public abstract java.util.List com.example.apipokemon.repository.IPokemonRepository.findAllPaginated(org.springframework.data.domain.Pageable)! No property findAllPaginated found for type Pokemon!; nested exception is java.lang.IllegalArgumentException: Failed to create query for method public abstract java.util.List com.example.apipokemon.repository.IPokemonRepository.findAllPaginated(org.springframework.data.domain.Pageable)! No property findAllPaginated found for type Pokemon!
	at org.springframework.data.repository.query.QueryCreationException.create(QueryCreationException.java:101) ~[spring-data-commons-2.5.5.jar:2.5.5]
	at org.springframework.data.repository.core.support.QueryExecutorMethodInterceptor.lookupQuery(QueryExecutorMethodInterceptor.java:106) ~[spring-data-commons-2.5.5.jar:2.5.5]
	at org.springframework.data.repository.core.support.QueryExecutorMethodInterceptor.lambda$mapMethodsToQuery$1(QueryExecutorMethodInterceptor.java:94) ~[spring-data-commons-2.5.5.jar:2.5.5]
	at java.base/java.util.stream.ReferencePipeline$3$1.accept(ReferencePipeline.java:195) ~[na:na]
	at java.base/java.util.Iterator.forEachRemaining(Iterator.java:133) ~[na:na]
	at java.base/java.util.Collections$UnmodifiableCollection$1.forEachRemaining(Collections.java:1054) ~[na:na]
	at java.base/java.util.Spliterators$IteratorSpliterator.forEachRemaining(Spliterators.java:1801) ~[na:na]
	at java.base/java.util.stream.AbstractPipeline.copyInto(AbstractPipeline.java:484) ~[na:na]
	at java.base/java.util.stream.AbstractPipeline.wrapAndCopyInto(AbstractPipeline.java:474) ~[na:na]
	at java.base/java.util.stream.ReduceOps$ReduceOp.evaluateSequential(ReduceOps.java:913) ~[na:na]
	at java.base/java.util.stream.AbstractPipeline.evaluate(AbstractPipeline.java:234) ~[na:na]
	at java.base/java.util.stream.ReferencePipeline.collect(ReferencePipeline.java:578) ~[na:na]
	at org.springframework.data.repository.core.support.QueryExecutorMethodInterceptor.mapMethodsToQuery(QueryExecutorMethodInterceptor.java:96) ~[spring-data-commons-2.5.5.jar:2.5.5]
	at org.springframework.data.repository.core.support.QueryExecutorMethodInterceptor.lambda$new$0(QueryExecutorMethodInterceptor.java:86) ~[spring-data-commons-2.5.5.jar:2.5.5]
	at java.base/java.util.Optional.map(Optional.java:265) ~[na:na]
	at org.springframework.data.repository.core.support.QueryExecutorMethodInterceptor.<init>(QueryExecutorMethodInterceptor.java:86) ~[spring-data-commons-2.5.5.jar:2.5.5]
	at org.springframework.data.repository.core.support.RepositoryFactorySupport.getRepository(RepositoryFactorySupport.java:360) ~[spring-data-commons-2.5.5.jar:2.5.5]
	at org.springframework.data.repository.core.support.RepositoryFactoryBeanSupport.lambda$afterPropertiesSet$5(RepositoryFactoryBeanSupport.java:323) ~[spring-data-commons-2.5.5.jar:2.5.5]
	at org.springframework.data.util.Lazy.getNullable(Lazy.java:230) ~[spring-data-commons-2.5.5.jar:2.5.5]
	at org.springframework.data.util.Lazy.get(Lazy.java:114) ~[spring-data-commons-2.5.5.jar:2.5.5]
	at org.springframework.data.repository.core.support.RepositoryFactoryBeanSupport.afterPropertiesSet(RepositoryFactoryBeanSupport.java:329) ~[spring-data-commons-2.5.5.jar:2.5.5]
	at org.springframework.data.jpa.repository.support.JpaRepositoryFactoryBean.afterPropertiesSet(JpaRepositoryFactoryBean.java:144) ~[spring-data-jpa-2.5.5.jar:2.5.5]
	at org.springframework.beans.factory.support.AbstractAutowireCapableBeanFactory.invokeInitMethods(AbstractAutowireCapableBeanFactory.java:1863) ~[spring-beans-5.3.10.jar:5.3.10]
	at org.springframework.beans.factory.support.AbstractAutowireCapableBeanFactory.initializeBean(AbstractAutowireCapableBeanFactory.java:1800) ~[spring-beans-5.3.10.jar:5.3.10]
	... 49 common frames omitted
Caused by: java.lang.IllegalArgumentException: Failed to create query for method public abstract java.util.List com.example.apipokemon.repository.IPokemonRepository.findAllPaginated(org.springframework.data.domain.Pageable)! No property findAllPaginated found for type Pokemon!
	at org.springframework.data.jpa.repository.query.PartTreeJpaQuery.<init>(PartTreeJpaQuery.java:96) ~[spring-data-jpa-2.5.5.jar:2.5.5]
	at org.springframework.data.jpa.repository.query.JpaQueryLookupStrategy$CreateQueryLookupStrategy.resolveQuery(JpaQueryLookupStrategy.java:107) ~[spring-data-jpa-2.5.5.jar:2.5.5]
	at org.springframework.data.jpa.repository.query.JpaQueryLookupStrategy$CreateIfNotFoundQueryLookupStrategy.resolveQuery(JpaQueryLookupStrategy.java:218) ~[spring-data-jpa-2.5.5.jar:2.5.5]
	at org.springframework.data.jpa.repository.query.JpaQueryLookupStrategy$AbstractQueryLookupStrategy.resolveQuery(JpaQueryLookupStrategy.java:81) ~[spring-data-jpa-2.5.5.jar:2.5.5]
	at org.springframework.data.repository.core.support.QueryExecutorMethodInterceptor.lookupQuery(QueryExecutorMethodInterceptor.java:102) ~[spring-data-commons-2.5.5.jar:2.5.5]
	... 71 common frames omitted
Caused by: org.springframework.data.mapping.PropertyReferenceException: No property findAllPaginated found for type Pokemon!
	at org.springframework.data.mapping.PropertyPath.<init>(PropertyPath.java:90) ~[spring-data-commons-2.5.5.jar:2.5.5]
	at org.springframework.data.mapping.PropertyPath.create(PropertyPath.java:437) ~[spring-data-commons-2.5.5.jar:2.5.5]
	at org.springframework.data.mapping.PropertyPath.create(PropertyPath.java:413) ~[spring-data-commons-2.5.5.jar:2.5.5]
	at org.springframework.data.mapping.PropertyPath.lambda$from$0(PropertyPath.java:366) ~[spring-data-commons-2.5.5.jar:2.5.5]
	at java.base/java.util.concurrent.ConcurrentMap.computeIfAbsent(ConcurrentMap.java:330) ~[na:na]
	at org.springframework.data.mapping.PropertyPath.from(PropertyPath.java:348) ~[spring-data-commons-2.5.5.jar:2.5.5]
	at org.springframework.data.mapping.PropertyPath.from(PropertyPath.java:331) ~[spring-data-commons-2.5.5.jar:2.5.5]
	at org.springframework.data.repository.query.parser.Part.<init>(Part.java:81) ~[spring-data-commons-2.5.5.jar:2.5.5]
	at org.springframework.data.repository.query.parser.PartTree$OrPart.lambda$new$0(PartTree.java:249) ~[spring-data-commons-2.5.5.jar:2.5.5]
	at java.base/java.util.stream.ReferencePipeline$3$1.accept(ReferencePipeline.java:195) ~[na:na]
	at java.base/java.util.stream.ReferencePipeline$2$1.accept(ReferencePipeline.java:177) ~[na:na]
	at java.base/java.util.Spliterators$ArraySpliterator.forEachRemaining(Spliterators.java:948) ~[na:na]
	at java.base/java.util.stream.AbstractPipeline.copyInto(AbstractPipeline.java:484) ~[na:na]
	at java.base/java.util.stream.AbstractPipeline.wrapAndCopyInto(AbstractPipeline.java:474) ~[na:na]
	at java.base/java.util.stream.ReduceOps$ReduceOp.evaluateSequential(ReduceOps.java:913) ~[na:na]
	at java.base/java.util.stream.AbstractPipeline.evaluate(AbstractPipeline.java:234) ~[na:na]
	at java.base/java.util.stream.ReferencePipeline.collect(ReferencePipeline.java:578) ~[na:na]
	at org.springframework.data.repository.query.parser.PartTree$OrPart.<init>(PartTree.java:250) ~[spring-data-commons-2.5.5.jar:2.5.5]
	at org.springframework.data.repository.query.parser.PartTree$Predicate.lambda$new$0(PartTree.java:383) ~[spring-data-commons-2.5.5.jar:2.5.5]
	at java.base/java.util.stream.ReferencePipeline$3$1.accept(ReferencePipeline.java:195) ~[na:na]
	at java.base/java.util.stream.ReferencePipeline$2$1.accept(ReferencePipeline.java:177) ~[na:na]
	at java.base/java.util.Spliterators$ArraySpliterator.forEachRemaining(Spliterators.java:948) ~[na:na]
	at java.base/java.util.stream.AbstractPipeline.copyInto(AbstractPipeline.java:484) ~[na:na]
	at java.base/java.util.stream.AbstractPipeline.wrapAndCopyInto(AbstractPipeline.java:474) ~[na:na]
	at java.base/java.util.stream.ReduceOps$ReduceOp.evaluateSequential(ReduceOps.java:913) ~[na:na]
	at java.base/java.util.stream.AbstractPipeline.evaluate(AbstractPipeline.java:234) ~[na:na]
	at java.base/java.util.stream.ReferencePipeline.collect(ReferencePipeline.java:578) ~[na:na]
	at org.springframework.data.repository.query.parser.PartTree$Predicate.<init>(PartTree.java:384) ~[spring-data-commons-2.5.5.jar:2.5.5]
	at org.springframework.data.repository.query.parser.PartTree.<init>(PartTree.java:92) ~[spring-data-commons-2.5.5.jar:2.5.5]
	at org.springframework.data.jpa.repository.query.PartTreeJpaQuery.<init>(PartTreeJpaQuery.java:89) ~[spring-data-jpa-2.5.5.jar:2.5.5]
	... 75 common frames omitted

2021-10-08 15:05:58.441  INFO 31083 --- [restartedMain] c.e.apipokemon.ApiPokemonApplication     : Starting ApiPokemonApplication using Java 11.0.9 on MacBook-Pro-de-Javier.local with PID 31083 (/Volumes/DatosHD/Users/javiermoreno/workspace/prueba/canada/api-pokemon/target/classes started by javiermoreno in /Volumes/DatosHD/Users/javiermoreno/workspace/prueba/canada/api-pokemon)
2021-10-08 15:05:58.482  INFO 31083 --- [restartedMain] c.e.apipokemon.ApiPokemonApplication     : No active profile set, falling back to default profiles: default
2021-10-08 15:06:06.909  INFO 31083 --- [restartedMain] c.e.apipokemon.ApiPokemonApplication     : Started ApiPokemonApplication in 14.484 seconds (JVM running for 15.874)
2021-10-08 15:21:15.727  INFO 31204 --- [restartedMain] c.e.apipokemon.ApiPokemonApplication     : Starting ApiPokemonApplication using Java 11.0.9 on MacBook-Pro-de-Javier.local with PID 31204 (/Volumes/DatosHD/Users/javiermoreno/workspace/prueba/canada/api-pokemon/target/classes started by javiermoreno in /Volumes/DatosHD/Users/javiermoreno/workspace/prueba/canada/api-pokemon)
2021-10-08 15:21:15.733  INFO 31204 --- [restartedMain] c.e.apipokemon.ApiPokemonApplication     : No active profile set, falling back to default profiles: default
2021-10-08 15:21:25.418  INFO 31204 --- [restartedMain] c.e.apipokemon.ApiPokemonApplication     : Started ApiPokemonApplication in 15.626 seconds (JVM running for 17.018)
2021-10-08 15:24:31.248  INFO 31229 --- [restartedMain] c.e.apipokemon.ApiPokemonApplication     : Starting ApiPokemonApplication using Java 11.0.9 on MacBook-Pro-de-Javier.local with PID 31229 (/Volumes/DatosHD/Users/javiermoreno/workspace/prueba/canada/api-pokemon/target/classes started by javiermoreno in /Volumes/DatosHD/Users/javiermoreno/workspace/prueba/canada/api-pokemon)
2021-10-08 15:24:31.255  INFO 31229 --- [restartedMain] c.e.apipokemon.ApiPokemonApplication     : No active profile set, falling back to default profiles: default
2021-10-08 15:24:41.745  INFO 31229 --- [restartedMain] c.e.apipokemon.ApiPokemonApplication     : Started ApiPokemonApplication in 16.638 seconds (JVM running for 18.477)
